<?xml version="1.0" encoding="UTF-8"?>
<testsuite xmlns:xsi="http://www.w3.org/2001/XMLSchema-instance" xsi:noNamespaceSchemaLocation="https://maven.apache.org/surefire/maven-surefire-plugin/xsd/surefire-test-report.xsd" name="belajar.unit.test.RandomCalculatorTest" time="0.289" tests="41" errors="0" skipped="0" failures="0">
  <properties>
    <property name="java.specification.version" value="18"/>
    <property name="sun.cpu.isalist" value="amd64"/>
    <property name="sun.jnu.encoding" value="Cp1252"/>
    <property name="java.class.path" value="E:\Pustaka\Java\unit-test\target\test-classes;E:\Pustaka\Java\unit-test\target\classes;C:\Users\Lutfi\.m2\repository\org\junit\jupiter\junit-jupiter\5.9.1\junit-jupiter-5.9.1.jar;C:\Users\Lutfi\.m2\repository\org\junit\jupiter\junit-jupiter-api\5.9.1\junit-jupiter-api-5.9.1.jar;C:\Users\Lutfi\.m2\repository\org\opentest4j\opentest4j\1.2.0\opentest4j-1.2.0.jar;C:\Users\Lutfi\.m2\repository\org\junit\platform\junit-platform-commons\1.9.1\junit-platform-commons-1.9.1.jar;C:\Users\Lutfi\.m2\repository\org\apiguardian\apiguardian-api\1.1.2\apiguardian-api-1.1.2.jar;C:\Users\Lutfi\.m2\repository\org\junit\jupiter\junit-jupiter-params\5.9.1\junit-jupiter-params-5.9.1.jar;C:\Users\Lutfi\.m2\repository\org\junit\jupiter\junit-jupiter-engine\5.9.1\junit-jupiter-engine-5.9.1.jar;C:\Users\Lutfi\.m2\repository\org\junit\platform\junit-platform-engine\1.9.1\junit-platform-engine-1.9.1.jar;C:\Users\Lutfi\.m2\repository\org\mockito\mockito-junit-jupiter\4.8.0\mockito-junit-jupiter-4.8.0.jar;C:\Users\Lutfi\.m2\repository\org\mockito\mockito-core\4.8.0\mockito-core-4.8.0.jar;C:\Users\Lutfi\.m2\repository\net\bytebuddy\byte-buddy\1.12.14\byte-buddy-1.12.14.jar;C:\Users\Lutfi\.m2\repository\net\bytebuddy\byte-buddy-agent\1.12.14\byte-buddy-agent-1.12.14.jar;C:\Users\Lutfi\.m2\repository\org\objenesis\objenesis\3.2\objenesis-3.2.jar;"/>
    <property name="java.vm.vendor" value="Oracle Corporation"/>
    <property name="sun.arch.data.model" value="64"/>
    <property name="user.variant" value=""/>
    <property name="java.vendor.url" value="https://java.oracle.com/"/>
    <property name="user.timezone" value="Asia/Jakarta"/>
    <property name="os.name" value="Windows 10"/>
    <property name="java.vm.specification.version" value="18"/>
    <property name="sun.java.launcher" value="SUN_STANDARD"/>
    <property name="user.country" value="US"/>
    <property name="sun.boot.library.path" value="C:\Program Files\Java\jdk-18.0.2\bin"/>
    <property name="sun.java.command" value="C:\Users\Lutfi\AppData\Local\Temp\surefire14929392239905702706\surefirebooter4994650567759500666.jar C:\Users\Lutfi\AppData\Local\Temp\surefire14929392239905702706 2022-11-27T05-41-22_903-jvmRun1 surefire11638248060596900464tmp surefire_014744481808077558073tmp"/>
    <property name="jdk.debug" value="release"/>
    <property name="surefire.test.class.path" value="E:\Pustaka\Java\unit-test\target\test-classes;E:\Pustaka\Java\unit-test\target\classes;C:\Users\Lutfi\.m2\repository\org\junit\jupiter\junit-jupiter\5.9.1\junit-jupiter-5.9.1.jar;C:\Users\Lutfi\.m2\repository\org\junit\jupiter\junit-jupiter-api\5.9.1\junit-jupiter-api-5.9.1.jar;C:\Users\Lutfi\.m2\repository\org\opentest4j\opentest4j\1.2.0\opentest4j-1.2.0.jar;C:\Users\Lutfi\.m2\repository\org\junit\platform\junit-platform-commons\1.9.1\junit-platform-commons-1.9.1.jar;C:\Users\Lutfi\.m2\repository\org\apiguardian\apiguardian-api\1.1.2\apiguardian-api-1.1.2.jar;C:\Users\Lutfi\.m2\repository\org\junit\jupiter\junit-jupiter-params\5.9.1\junit-jupiter-params-5.9.1.jar;C:\Users\Lutfi\.m2\repository\org\junit\jupiter\junit-jupiter-engine\5.9.1\junit-jupiter-engine-5.9.1.jar;C:\Users\Lutfi\.m2\repository\org\junit\platform\junit-platform-engine\1.9.1\junit-platform-engine-1.9.1.jar;C:\Users\Lutfi\.m2\repository\org\mockito\mockito-junit-jupiter\4.8.0\mockito-junit-jupiter-4.8.0.jar;C:\Users\Lutfi\.m2\repository\org\mockito\mockito-core\4.8.0\mockito-core-4.8.0.jar;C:\Users\Lutfi\.m2\repository\net\bytebuddy\byte-buddy\1.12.14\byte-buddy-1.12.14.jar;C:\Users\Lutfi\.m2\repository\net\bytebuddy\byte-buddy-agent\1.12.14\byte-buddy-agent-1.12.14.jar;C:\Users\Lutfi\.m2\repository\org\objenesis\objenesis\3.2\objenesis-3.2.jar;"/>
    <property name="sun.cpu.endian" value="little"/>
    <property name="user.home" value="C:\Users\Lutfi"/>
    <property name="user.language" value="en"/>
    <property name="java.specification.vendor" value="Oracle Corporation"/>
    <property name="java.version.date" value="2022-07-19"/>
    <property name="java.home" value="C:\Program Files\Java\jdk-18.0.2"/>
    <property name="file.separator" value="\"/>
    <property name="basedir" value="E:\Pustaka\Java\unit-test"/>
    <property name="java.vm.compressedOopsMode" value="Zero based"/>
    <property name="line.separator" value="&#10;"/>
    <property name="java.vm.specification.vendor" value="Oracle Corporation"/>
    <property name="java.specification.name" value="Java Platform API Specification"/>
    <property name="surefire.real.class.path" value="C:\Users\Lutfi\AppData\Local\Temp\surefire14929392239905702706\surefirebooter4994650567759500666.jar"/>
    <property name="user.script" value=""/>
    <property name="sun.management.compiler" value="HotSpot 64-Bit Tiered Compilers"/>
    <property name="java.runtime.version" value="18.0.2+9-61"/>
    <property name="user.name" value="Lutfi"/>
    <property name="path.separator" value=";"/>
    <property name="os.version" value="10.0"/>
    <property name="java.runtime.name" value="OpenJDK Runtime Environment"/>
    <property name="file.encoding" value="UTF-8"/>
    <property name="java.vm.name" value="OpenJDK 64-Bit Server VM"/>
    <property name="localRepository" value="C:\Users\Lutfi\.m2\repository"/>
    <property name="java.vendor.url.bug" value="https://bugreport.java.com/bugreport/"/>
    <property name="java.io.tmpdir" value="C:\Users\Lutfi\AppData\Local\Temp\"/>
    <property name="java.version" value="18.0.2"/>
    <property name="user.dir" value="E:\Pustaka\Java\unit-test"/>
    <property name="os.arch" value="amd64"/>
    <property name="java.vm.specification.name" value="Java Virtual Machine Specification"/>
    <property name="sun.os.patch.level" value=""/>
    <property name="native.encoding" value="Cp1252"/>
    <property name="java.library.path" value="C:\Program Files\Java\jdk-18.0.2\bin;C:\WINDOWS\Sun\Java\bin;C:\WINDOWS\system32;C:\WINDOWS;C:\Users\Lutfi\bin;C:\Program Files\Git\mingw64\bin;C:\Program Files\Git\usr\local\bin;C:\Program Files\Git\usr\bin;C:\Program Files\Git\usr\bin;C:\Program Files\Git\mingw64\bin;C:\Program Files\Git\usr\bin;C:\Users\Lutfi\bin;C:\Windows\system32;C:\Windows;C:\Windows\System32\Wbem;C:\Windows\System32\WindowsPowerShell\v1.0;C:\Windows\System32\OpenSSH;C:\Program Files (x86)\NVIDIA Corporation\PhysX\Common;C:\Program Files\Intel\WiFi\bin;C:\Program Files\Common Files\Intel\WirelessCommon;C:\WINDOWS\system32;C:\WINDOWS;C:\WINDOWS\System32\Wbem;C:\WINDOWS\System32\WindowsPowerShell\v1.0;C:\WINDOWS\System32\OpenSSH;C:\Program Files\Git\cmd;E:\XAMP\php;C:\ProgramData\ComposerSetup\bin;%USERPROFILE%\AppData\Roaming\Composer\vendor\bin;C:\Program Files\MySQL\MySQL Server 8.0\bin;C:\Program Files\nodejs;C:\mingw32\bin;C:\Users\Lutfi\AppData\Roaming\Microsoft\Windows\Start Menu\Programs\Python 3.10;C:\Program Files\Java\jdk-18.0.2\bin;C:\Program Files\Maven\apache-maven-3.8.6\bin;C:\Program Files\Java\jdk-11\bin;C:\Program Files\PostgreSQL\15\bin;C:\Program Files\MySQL\MySQL Shell 8.0\bin;C:\Users\Lutfi\AppData\Local\Microsoft\WindowsApps;C:\Users\Lutfi\AppData\Local\Programs\Microsoft VS Code\bin;C:\Users\Lutfi\AppData\Roaming\Composer\vendor\bin;C:\Users\Lutfi\AppData\Roaming\npm;C:\Program Files\JetBrains\IntelliJ IDEA Community Edition 2021.3.3\bin;C:\Users\Lutfi\AppData\Local\Programs\mongosh;C:\Program Files\heroku\bin;C:\Program Files\Git\usr\bin\vendor_perl;C:\Program Files\Git\usr\bin\core_perl;."/>
    <property name="java.vm.info" value="mixed mode, sharing"/>
    <property name="java.vendor" value="Oracle Corporation"/>
    <property name="java.vm.version" value="18.0.2+9-61"/>
    <property name="sun.io.unicode.encoding" value="UnicodeLittle"/>
    <property name="java.class.version" value="62.0"/>
  </properties>
  <testcase name="testRandomRepeatInfo{TestInfo, Random, RepetitionInfo}[1]" classname="belajar.unit.test.RandomCalculatorTest" time="0"/>
  <testcase name="testRandomRepeatInfo{TestInfo, Random, RepetitionInfo}[2]" classname="belajar.unit.test.RandomCalculatorTest" time="0.003"/>
  <testcase name="testRandomRepeatInfo{TestInfo, Random, RepetitionInfo}[3]" classname="belajar.unit.test.RandomCalculatorTest" time="0.003"/>
  <testcase name="testRandomRepeatInfo{TestInfo, Random, RepetitionInfo}[4]" classname="belajar.unit.test.RandomCalculatorTest" time="0.001"/>
  <testcase name="testRandomRepeatInfo{TestInfo, Random, RepetitionInfo}[5]" classname="belajar.unit.test.RandomCalculatorTest" time="0.003"/>
  <testcase name="testRandomRepeatInfo{TestInfo, Random, RepetitionInfo}[6]" classname="belajar.unit.test.RandomCalculatorTest" time="0.001"/>
  <testcase name="testRandomRepeatInfo{TestInfo, Random, RepetitionInfo}[7]" classname="belajar.unit.test.RandomCalculatorTest" time="0.002"/>
  <testcase name="testRandomRepeatInfo{TestInfo, Random, RepetitionInfo}[8]" classname="belajar.unit.test.RandomCalculatorTest" time="0.001"/>
  <testcase name="testRandomRepeatInfo{TestInfo, Random, RepetitionInfo}[9]" classname="belajar.unit.test.RandomCalculatorTest" time="0.003"/>
  <testcase name="testRandomRepeatInfo{TestInfo, Random, RepetitionInfo}[10]" classname="belajar.unit.test.RandomCalculatorTest" time="0.001"/>
  <testcase name="testWithMethodSource{Integer}[1]" classname="belajar.unit.test.RandomCalculatorTest" time="0.04"/>
  <testcase name="testWithMethodSource{Integer}[2]" classname="belajar.unit.test.RandomCalculatorTest" time="0.002"/>
  <testcase name="testWithMethodSource{Integer}[3]" classname="belajar.unit.test.RandomCalculatorTest" time="0.002"/>
  <testcase name="testWithMethodSource{Integer}[4]" classname="belajar.unit.test.RandomCalculatorTest" time="0.002"/>
  <testcase name="testWithMethodSource{Integer}[5]" classname="belajar.unit.test.RandomCalculatorTest" time="0.003"/>
  <testcase name="testWithMethodSource{Integer}[6]" classname="belajar.unit.test.RandomCalculatorTest" time="0.002"/>
  <testcase name="testWithMethodSource{Integer}[7]" classname="belajar.unit.test.RandomCalculatorTest" time="0.002"/>
  <testcase name="testWithMethodSource{Integer}[8]" classname="belajar.unit.test.RandomCalculatorTest" time="0.004"/>
  <testcase name="testWithMethodSource{Integer}[9]" classname="belajar.unit.test.RandomCalculatorTest" time="0.001"/>
  <testcase name="testWithMethodSource{Integer}[10]" classname="belajar.unit.test.RandomCalculatorTest" time="0.003"/>
  <testcase name="testWithParameter{int}[1]" classname="belajar.unit.test.RandomCalculatorTest" time="0.004"/>
  <testcase name="testWithParameter{int}[2]" classname="belajar.unit.test.RandomCalculatorTest" time="0.004"/>
  <testcase name="testWithParameter{int}[3]" classname="belajar.unit.test.RandomCalculatorTest" time="0.002"/>
  <testcase name="testWithParameter{int}[4]" classname="belajar.unit.test.RandomCalculatorTest" time="0.003"/>
  <testcase name="testWithParameter{int}[5]" classname="belajar.unit.test.RandomCalculatorTest" time="0.004"/>
  <testcase name="testWithParameter{int}[6]" classname="belajar.unit.test.RandomCalculatorTest" time="0.002"/>
  <testcase name="testWithParameter{int}[7]" classname="belajar.unit.test.RandomCalculatorTest" time="0.003"/>
  <testcase name="testWithParameter{int}[8]" classname="belajar.unit.test.RandomCalculatorTest" time="0.003"/>
  <testcase name="testWithParameter{int}[9]" classname="belajar.unit.test.RandomCalculatorTest" time="0.001"/>
  <testcase name="testWithParameter{int}[10]" classname="belajar.unit.test.RandomCalculatorTest" time="0.003"/>
  <testcase name="testRandomRepeat{TestInfo, Random}[1]" classname="belajar.unit.test.RandomCalculatorTest" time="0.004"/>
  <testcase name="testRandomRepeat{TestInfo, Random}[2]" classname="belajar.unit.test.RandomCalculatorTest" time="0.001"/>
  <testcase name="testRandomRepeat{TestInfo, Random}[3]" classname="belajar.unit.test.RandomCalculatorTest" time="0.003"/>
  <testcase name="testRandomRepeat{TestInfo, Random}[4]" classname="belajar.unit.test.RandomCalculatorTest" time="0.003"/>
  <testcase name="testRandomRepeat{TestInfo, Random}[5]" classname="belajar.unit.test.RandomCalculatorTest" time="0.002"/>
  <testcase name="testRandomRepeat{TestInfo, Random}[6]" classname="belajar.unit.test.RandomCalculatorTest" time="0.001"/>
  <testcase name="testRandomRepeat{TestInfo, Random}[7]" classname="belajar.unit.test.RandomCalculatorTest" time="0.003"/>
  <testcase name="testRandomRepeat{TestInfo, Random}[8]" classname="belajar.unit.test.RandomCalculatorTest" time="0.001"/>
  <testcase name="testRandomRepeat{TestInfo, Random}[9]" classname="belajar.unit.test.RandomCalculatorTest" time="0.002"/>
  <testcase name="testRandomRepeat{TestInfo, Random}[10]" classname="belajar.unit.test.RandomCalculatorTest" time="0.002"/>
  <testcase name="testRandom{TestInfo, Random}" classname="belajar.unit.test.RandomCalculatorTest" time="0.001"/>
</testsuite>